<?xml version="1.0" encoding="UTF-8"?>
<testsuite name="com.redsource.distributed.system.service.PublisherServiceTest" tests="2" skipped="0" failures="0" errors="0" timestamp="2022-08-03T10:27:12" hostname="Pauls-MacBook-Pro.fritz.box" time="0.368">
  <properties/>
  <testcase name="should process onFailure" classname="com.redsource.distributed.system.service.PublisherServiceTest" time="0.348"/>
  <testcase name="Test publish successful" classname="com.redsource.distributed.system.service.PublisherServiceTest" time="0.019"/>
  <system-out><![CDATA[2022-08-03 12:27:12.430  INFO 17882 --- [    Test worker] c.r.d.system.service.PublisherService    : Sending message payload to topic:any
2022-08-03 12:27:12.434 ERROR 17882 --- [    Test worker] c.r.d.system.service.PublisherService    : Failure on sending message payload to topic:any
2022-08-03 12:27:12.455  INFO 17882 --- [    Test worker] c.r.d.system.service.PublisherService    : Sending message payload to topic:any
2022-08-03 12:27:12.455  INFO 17882 --- [    Test worker] c.r.d.system.service.PublisherService    : Successful sending message payload to topic:any
]]></system-out>
  <system-err><![CDATA[]]></system-err>
</testsuite>
