<?xml version="1.0" encoding="UTF-8"?>
<testsuite name="com.redsource.distributed.system.integration.ComponentIntegrationTest" tests="2" skipped="0" failures="0" errors="0" timestamp="2022-08-03T10:27:07" hostname="Pauls-MacBook-Pro.fritz.box" time="2.986">
  <properties/>
  <testcase name="Should be able to publish to kafka topic" classname="com.redsource.distributed.system.integration.ComponentIntegrationTest" time="2.848"/>
  <testcase name="Application Should be able to save and retrieve to the MongoDB" classname="com.redsource.distributed.system.integration.ComponentIntegrationTest" time="0.128"/>
  <system-out><![CDATA[2022-08-03 12:27:06.287  INFO 17882 --- [    Test worker] o.s.t.c.support.AbstractContextLoader    : Could not detect default resource locations for test class [com.redsource.distributed.system.integration.ComponentIntegrationTest]: no resource found for suffixes {-context.xml, Context.groovy}.
2022-08-03 12:27:06.289  INFO 17882 --- [    Test worker] t.c.s.AnnotationConfigContextLoaderUtils : Could not detect default configuration classes for test class [com.redsource.distributed.system.integration.ComponentIntegrationTest]: ComponentIntegrationTest does not declare any static, non-private, non-final, nested classes annotated with @Configuration.
2022-08-03 12:27:06.316  INFO 17882 --- [    Test worker] .b.t.c.SpringBootTestContextBootstrapper : Found @SpringBootConfiguration com.redsource.distributed.system.ApplicationMain for test class com.redsource.distributed.system.integration.ComponentIntegrationTest
2022-08-03 12:27:06.327  INFO 17882 --- [    Test worker] .b.t.c.SpringBootTestContextBootstrapper : Loaded default TestExecutionListener class names from location [META-INF/spring.factories]: [org.springframework.boot.test.autoconfigure.restdocs.RestDocsTestExecutionListener, org.springframework.boot.test.autoconfigure.web.client.MockRestServiceServerResetTestExecutionListener, org.springframework.boot.test.autoconfigure.web.servlet.MockMvcPrintOnlyOnFailureTestExecutionListener, org.springframework.boot.test.autoconfigure.web.servlet.WebDriverTestExecutionListener, org.springframework.boot.test.autoconfigure.webservices.client.MockWebServiceServerTestExecutionListener, org.springframework.boot.test.mock.mockito.MockitoTestExecutionListener, org.springframework.boot.test.mock.mockito.ResetMocksTestExecutionListener, org.springframework.test.context.web.ServletTestExecutionListener, org.springframework.test.context.support.DirtiesContextBeforeModesTestExecutionListener, org.springframework.test.context.event.ApplicationEventsTestExecutionListener, org.springframework.test.context.support.DependencyInjectionTestExecutionListener, org.springframework.test.context.support.DirtiesContextTestExecutionListener, org.springframework.test.context.transaction.TransactionalTestExecutionListener, org.springframework.test.context.jdbc.SqlScriptsTestExecutionListener, org.springframework.test.context.event.EventPublishingTestExecutionListener]
2022-08-03 12:27:06.328  INFO 17882 --- [    Test worker] .b.t.c.SpringBootTestContextBootstrapper : Using TestExecutionListeners: [org.springframework.test.context.support.DirtiesContextBeforeModesTestExecutionListener@7d95a717, org.springframework.test.context.event.ApplicationEventsTestExecutionListener@5c0f508b, org.springframework.boot.test.mock.mockito.MockitoTestExecutionListener@7a2ffb0b, org.springframework.boot.test.autoconfigure.SpringBootDependencyInjectionTestExecutionListener@13cae908, org.springframework.test.context.support.DirtiesContextTestExecutionListener@43b74979, org.springframework.test.context.transaction.TransactionalTestExecutionListener@659ac28c, org.springframework.test.context.jdbc.SqlScriptsTestExecutionListener@60688a97, org.springframework.test.context.event.EventPublishingTestExecutionListener@242ebd3b, org.springframework.boot.test.autoconfigure.restdocs.RestDocsTestExecutionListener@5d2bc446, org.springframework.boot.test.autoconfigure.web.client.MockRestServiceServerResetTestExecutionListener@6e96f3cd, org.springframework.boot.test.autoconfigure.web.servlet.MockMvcPrintOnlyOnFailureTestExecutionListener@4a0ee0ba, org.springframework.boot.test.autoconfigure.web.servlet.WebDriverTestExecutionListener@1b984ba5, org.springframework.boot.test.autoconfigure.webservices.client.MockWebServiceServerTestExecutionListener@1812b564, org.springframework.boot.test.mock.mockito.ResetMocksTestExecutionListener@41433530]

  .   ____          _            __ _ _
 /\\ / ___'_ __ _ _(_)_ __  __ _ \ \ \ \
( ( )\___ | '_ | '_| | '_ \/ _` | \ \ \ \
 \\/  ___)| |_)| | | | | || (_| |  ) ) ) )
  '  |____| .__|_| |_|_| |_\__, | / / / /
 =========|_|==============|___/=/_/_/_/
 :: Spring Boot ::                (v2.6.1)

2022-08-03 12:27:06.421  INFO 17882 --- [    Test worker] c.r.d.system.util.TestContainerInit      : Starting Test Containers
2022-08-03 12:27:06.426  INFO 17882 --- [    Test worker] c.r.d.s.util.MongoDBWrapperContainer     : Overriding mongoDB properties
2022-08-03 12:27:06.427  INFO 17882 --- [    Test worker] c.r.d.system.util.KafkaWrapperContainer  : Overriding Kafka properties
2022-08-03 12:27:06.428  INFO 17882 --- [    Test worker] c.r.d.s.i.ComponentIntegrationTest       : Starting ComponentIntegrationTest using Java 17.0.3 on Pauls-MacBook-Pro.fritz.box with PID 17882 (started by paulvincentcabunilas in /Users/paulvincentcabunilas/Documents/pro_code/springboot-app1)
2022-08-03 12:27:06.430  INFO 17882 --- [    Test worker] c.r.d.s.i.ComponentIntegrationTest       : No active profile set, falling back to default profiles: default
2022-08-03 12:27:06.875  INFO 17882 --- [    Test worker] .s.d.r.c.RepositoryConfigurationDelegate : Bootstrapping Spring Data Reactive MongoDB repositories in DEFAULT mode.
2022-08-03 12:27:06.904  INFO 17882 --- [    Test worker] .s.d.r.c.RepositoryConfigurationDelegate : Finished Spring Data repository scanning in 23 ms. Found 0 Reactive MongoDB repository interfaces.
2022-08-03 12:27:07.029  INFO 17882 --- [    Test worker] o.a.k.clients.admin.AdminClientConfig    : AdminClientConfig values: 
	bootstrap.servers = [PLAINTEXT://localhost:53404]
	client.dns.lookup = use_all_dns_ips
	client.id = 
	connections.max.idle.ms = 300000
	default.api.timeout.ms = 60000
	metadata.max.age.ms = 300000
	metric.reporters = []
	metrics.num.samples = 2
	metrics.recording.level = INFO
	metrics.sample.window.ms = 30000
	receive.buffer.bytes = 65536
	reconnect.backoff.max.ms = 1000
	reconnect.backoff.ms = 50
	request.timeout.ms = 30000
	retries = 5
	retry.backoff.ms = 100
	sasl.client.callback.handler.class = null
	sasl.jaas.config = null
	sasl.kerberos.kinit.cmd = /usr/bin/kinit
	sasl.kerberos.min.time.before.relogin = 60000
	sasl.kerberos.service.name = null
	sasl.kerberos.ticket.renew.jitter = 0.05
	sasl.kerberos.ticket.renew.window.factor = 0.8
	sasl.login.callback.handler.class = null
	sasl.login.class = null
	sasl.login.refresh.buffer.seconds = 300
	sasl.login.refresh.min.period.seconds = 60
	sasl.login.refresh.window.factor = 0.8
	sasl.login.refresh.window.jitter = 0.05
	sasl.mechanism = GSSAPI
	security.protocol = PLAINTEXT
	security.providers = null
	send.buffer.bytes = 131072
	socket.connection.setup.timeout.max.ms = 30000
	socket.connection.setup.timeout.ms = 10000
	ssl.cipher.suites = null
	ssl.enabled.protocols = [TLSv1.2, TLSv1.3]
	ssl.endpoint.identification.algorithm = https
	ssl.engine.factory.class = null
	ssl.key.password = null
	ssl.keymanager.algorithm = SunX509
	ssl.keystore.certificate.chain = null
	ssl.keystore.key = null
	ssl.keystore.location = null
	ssl.keystore.password = null
	ssl.keystore.type = JKS
	ssl.protocol = TLSv1.3
	ssl.provider = null
	ssl.secure.random.implementation = null
	ssl.trustmanager.algorithm = PKIX
	ssl.truststore.certificates = null
	ssl.truststore.location = null
	ssl.truststore.password = null
	ssl.truststore.type = JKS

2022-08-03 12:27:07.039  INFO 17882 --- [    Test worker] o.a.kafka.common.utils.AppInfoParser     : Kafka version: 3.0.0
2022-08-03 12:27:07.039  INFO 17882 --- [    Test worker] o.a.kafka.common.utils.AppInfoParser     : Kafka commitId: 8cb0a5e9d3441962
2022-08-03 12:27:07.039  INFO 17882 --- [    Test worker] o.a.kafka.common.utils.AppInfoParser     : Kafka startTimeMs: 1659522427039
2022-08-03 12:27:07.094  INFO 17882 --- [    Test worker] c.r.d.system.config.MongoDBConfig        : Setting up mongoDb client
2022-08-03 12:27:07.094  INFO 17882 --- [    Test worker] org.mongodb.driver.cluster               : Cluster created with settings {hosts=[localhost:53403], mode=SINGLE, requiredClusterType=UNKNOWN, serverSelectionTimeout='30000 ms'}
2022-08-03 12:27:07.130  INFO 17882 --- [localhost:53403] org.mongodb.driver.connection            : Opened connection [connectionId{localValue:6, serverValue:5}] to localhost:53403
2022-08-03 12:27:07.131  INFO 17882 --- [localhost:53403] org.mongodb.driver.connection            : Opened connection [connectionId{localValue:5, serverValue:6}] to localhost:53403
2022-08-03 12:27:07.131  INFO 17882 --- [localhost:53403] org.mongodb.driver.cluster               : Monitor thread successfully connected to server with description ServerDescription{address=localhost:53403, type=REPLICA_SET_PRIMARY, state=CONNECTED, ok=true, minWireVersion=0, maxWireVersion=7, maxDocumentSize=16777216, logicalSessionTimeoutMinutes=30, roundTripTimeNanos=24505750, setName='docker-rs', canonicalAddress=7146ffdc240f:27017, hosts=[7146ffdc240f:27017], passives=[], arbiters=[], primary='7146ffdc240f:27017', tagSet=TagSet{[]}, electionId=7fffffff0000000000000001, setVersion=1, topologyVersion=null, lastWriteDate=Wed Aug 03 12:26:57 CEST 2022, lastUpdateTimeNanos=14869622315292}
2022-08-03 12:27:07.539  INFO 17882 --- [    Test worker] org.mongodb.driver.cluster               : Cluster created with settings {hosts=[localhost:27017], mode=SINGLE, requiredClusterType=UNKNOWN, serverSelectionTimeout='30000 ms'}
2022-08-03 12:27:07.614  INFO 17882 --- [localhost:27017] org.mongodb.driver.connection            : Opened connection [connectionId{localValue:8, serverValue:13}] to localhost:27017
2022-08-03 12:27:07.613  INFO 17882 --- [localhost:27017] org.mongodb.driver.connection            : Opened connection [connectionId{localValue:7, serverValue:12}] to localhost:27017
2022-08-03 12:27:07.614  INFO 17882 --- [localhost:27017] org.mongodb.driver.cluster               : Monitor thread successfully connected to server with description ServerDescription{address=localhost:27017, type=STANDALONE, state=CONNECTED, ok=true, minWireVersion=0, maxWireVersion=7, maxDocumentSize=16777216, logicalSessionTimeoutMinutes=30, roundTripTimeNanos=47757625}
2022-08-03 12:27:07.716  INFO 17882 --- [    Test worker] o.a.k.clients.consumer.ConsumerConfig    : ConsumerConfig values: 
	allow.auto.create.topics = true
	auto.commit.interval.ms = 5000
	auto.offset.reset = latest
	bootstrap.servers = [PLAINTEXT://localhost:53404]
	check.crcs = true
	client.dns.lookup = use_all_dns_ips
	client.id = consumer-spring-app1-3
	client.rack = 
	connections.max.idle.ms = 540000
	default.api.timeout.ms = 60000
	enable.auto.commit = false
	exclude.internal.topics = true
	fetch.max.bytes = 52428800
	fetch.max.wait.ms = 500
	fetch.min.bytes = 1
	group.id = spring-app1
	group.instance.id = null
	heartbeat.interval.ms = 3000
	interceptor.classes = []
	internal.leave.group.on.close = true
	internal.throw.on.fetch.stable.offset.unsupported = false
	isolation.level = read_uncommitted
	key.deserializer = class org.apache.kafka.common.serialization.StringDeserializer
	max.partition.fetch.bytes = 1048576
	max.poll.interval.ms = 300000
	max.poll.records = 500
	metadata.max.age.ms = 300000
	metric.reporters = []
	metrics.num.samples = 2
	metrics.recording.level = INFO
	metrics.sample.window.ms = 30000
	partition.assignment.strategy = [class org.apache.kafka.clients.consumer.RangeAssignor, class org.apache.kafka.clients.consumer.CooperativeStickyAssignor]
	receive.buffer.bytes = 65536
	reconnect.backoff.max.ms = 1000
	reconnect.backoff.ms = 50
	request.timeout.ms = 30000
	retry.backoff.ms = 100
	sasl.client.callback.handler.class = null
	sasl.jaas.config = null
	sasl.kerberos.kinit.cmd = /usr/bin/kinit
	sasl.kerberos.min.time.before.relogin = 60000
	sasl.kerberos.service.name = null
	sasl.kerberos.ticket.renew.jitter = 0.05
	sasl.kerberos.ticket.renew.window.factor = 0.8
	sasl.login.callback.handler.class = null
	sasl.login.class = null
	sasl.login.refresh.buffer.seconds = 300
	sasl.login.refresh.min.period.seconds = 60
	sasl.login.refresh.window.factor = 0.8
	sasl.login.refresh.window.jitter = 0.05
	sasl.mechanism = GSSAPI
	security.protocol = PLAINTEXT
	security.providers = null
	send.buffer.bytes = 131072
	session.timeout.ms = 45000
	socket.connection.setup.timeout.max.ms = 30000
	socket.connection.setup.timeout.ms = 10000
	ssl.cipher.suites = null
	ssl.enabled.protocols = [TLSv1.2, TLSv1.3]
	ssl.endpoint.identification.algorithm = https
	ssl.engine.factory.class = null
	ssl.key.password = null
	ssl.keymanager.algorithm = SunX509
	ssl.keystore.certificate.chain = null
	ssl.keystore.key = null
	ssl.keystore.location = null
	ssl.keystore.password = null
	ssl.keystore.type = JKS
	ssl.protocol = TLSv1.3
	ssl.provider = null
	ssl.secure.random.implementation = null
	ssl.trustmanager.algorithm = PKIX
	ssl.truststore.certificates = null
	ssl.truststore.location = null
	ssl.truststore.password = null
	ssl.truststore.type = JKS
	value.deserializer = class org.apache.kafka.common.serialization.StringDeserializer

2022-08-03 12:27:07.724  INFO 17882 --- [    Test worker] o.a.kafka.common.utils.AppInfoParser     : Kafka version: 3.0.0
2022-08-03 12:27:07.725  INFO 17882 --- [    Test worker] o.a.kafka.common.utils.AppInfoParser     : Kafka commitId: 8cb0a5e9d3441962
2022-08-03 12:27:07.728  INFO 17882 --- [    Test worker] o.a.kafka.common.utils.AppInfoParser     : Kafka startTimeMs: 1659522427724
2022-08-03 12:27:07.735  INFO 17882 --- [    Test worker] o.a.k.clients.consumer.KafkaConsumer     : [Consumer clientId=consumer-spring-app1-3, groupId=spring-app1] Subscribed to topic(s): spring-app1-topic
2022-08-03 12:27:07.737  INFO 17882 --- [    Test worker] o.a.k.clients.consumer.ConsumerConfig    : ConsumerConfig values: 
	allow.auto.create.topics = true
	auto.commit.interval.ms = 5000
	auto.offset.reset = latest
	bootstrap.servers = [PLAINTEXT://localhost:53404]
	check.crcs = true
	client.dns.lookup = use_all_dns_ips
	client.id = consumer-spring-app1-4
	client.rack = 
	connections.max.idle.ms = 540000
	default.api.timeout.ms = 60000
	enable.auto.commit = false
	exclude.internal.topics = true
	fetch.max.bytes = 52428800
	fetch.max.wait.ms = 500
	fetch.min.bytes = 1
	group.id = spring-app1
	group.instance.id = null
	heartbeat.interval.ms = 3000
	interceptor.classes = []
	internal.leave.group.on.close = true
	internal.throw.on.fetch.stable.offset.unsupported = false
	isolation.level = read_uncommitted
	key.deserializer = class org.apache.kafka.common.serialization.StringDeserializer
	max.partition.fetch.bytes = 1048576
	max.poll.interval.ms = 300000
	max.poll.records = 500
	metadata.max.age.ms = 300000
	metric.reporters = []
	metrics.num.samples = 2
	metrics.recording.level = INFO
	metrics.sample.window.ms = 30000
	partition.assignment.strategy = [class org.apache.kafka.clients.consumer.RangeAssignor, class org.apache.kafka.clients.consumer.CooperativeStickyAssignor]
	receive.buffer.bytes = 65536
	reconnect.backoff.max.ms = 1000
	reconnect.backoff.ms = 50
	request.timeout.ms = 30000
	retry.backoff.ms = 100
	sasl.client.callback.handler.class = null
	sasl.jaas.config = null
	sasl.kerberos.kinit.cmd = /usr/bin/kinit
	sasl.kerberos.min.time.before.relogin = 60000
	sasl.kerberos.service.name = null
	sasl.kerberos.ticket.renew.jitter = 0.05
	sasl.kerberos.ticket.renew.window.factor = 0.8
	sasl.login.callback.handler.class = null
	sasl.login.class = null
	sasl.login.refresh.buffer.seconds = 300
	sasl.login.refresh.min.period.seconds = 60
	sasl.login.refresh.window.factor = 0.8
	sasl.login.refresh.window.jitter = 0.05
	sasl.mechanism = GSSAPI
	security.protocol = PLAINTEXT
	security.providers = null
	send.buffer.bytes = 131072
	session.timeout.ms = 45000
	socket.connection.setup.timeout.max.ms = 30000
	socket.connection.setup.timeout.ms = 10000
	ssl.cipher.suites = null
	ssl.enabled.protocols = [TLSv1.2, TLSv1.3]
	ssl.endpoint.identification.algorithm = https
	ssl.engine.factory.class = null
	ssl.key.password = null
	ssl.keymanager.algorithm = SunX509
	ssl.keystore.certificate.chain = null
	ssl.keystore.key = null
	ssl.keystore.location = null
	ssl.keystore.password = null
	ssl.keystore.type = JKS
	ssl.protocol = TLSv1.3
	ssl.provider = null
	ssl.secure.random.implementation = null
	ssl.trustmanager.algorithm = PKIX
	ssl.truststore.certificates = null
	ssl.truststore.location = null
	ssl.truststore.password = null
	ssl.truststore.type = JKS
	value.deserializer = class org.apache.kafka.common.serialization.StringDeserializer

2022-08-03 12:27:07.743  INFO 17882 --- [    Test worker] o.a.kafka.common.utils.AppInfoParser     : Kafka version: 3.0.0
2022-08-03 12:27:07.743  INFO 17882 --- [    Test worker] o.a.kafka.common.utils.AppInfoParser     : Kafka commitId: 8cb0a5e9d3441962
2022-08-03 12:27:07.743  INFO 17882 --- [    Test worker] o.a.kafka.common.utils.AppInfoParser     : Kafka startTimeMs: 1659522427743
2022-08-03 12:27:07.747  INFO 17882 --- [    Test worker] o.a.k.clients.consumer.KafkaConsumer     : [Consumer clientId=consumer-spring-app1-4, groupId=spring-app1] Subscribed to topic(s): spring-app2-topic
2022-08-03 12:27:07.774  INFO 17882 --- [    Test worker] c.r.d.s.i.ComponentIntegrationTest       : Started ComponentIntegrationTest in 1.424 seconds (JVM running for 58.143)
2022-08-03 12:27:07.785  INFO 17882 --- [ntainer#1-0-C-1] org.apache.kafka.clients.Metadata        : [Consumer clientId=consumer-spring-app1-4, groupId=spring-app1] Cluster ID: yQJudjcOSnaRxtAq-u_I3Q
2022-08-03 12:27:07.785  INFO 17882 --- [ntainer#0-0-C-1] org.apache.kafka.clients.Metadata        : [Consumer clientId=consumer-spring-app1-3, groupId=spring-app1] Cluster ID: yQJudjcOSnaRxtAq-u_I3Q
2022-08-03 12:27:07.790  INFO 17882 --- [ntainer#0-0-C-1] o.a.k.c.c.internals.ConsumerCoordinator  : [Consumer clientId=consumer-spring-app1-3, groupId=spring-app1] Discovered group coordinator localhost:53404 (id: 2147483646 rack: null)
2022-08-03 12:27:07.790  INFO 17882 --- [ntainer#1-0-C-1] o.a.k.c.c.internals.ConsumerCoordinator  : [Consumer clientId=consumer-spring-app1-4, groupId=spring-app1] Discovered group coordinator localhost:53404 (id: 2147483646 rack: null)
2022-08-03 12:27:07.793  INFO 17882 --- [ntainer#0-0-C-1] o.a.k.c.c.internals.ConsumerCoordinator  : [Consumer clientId=consumer-spring-app1-3, groupId=spring-app1] (Re-)joining group
2022-08-03 12:27:07.795  INFO 17882 --- [ntainer#1-0-C-1] o.a.k.c.c.internals.ConsumerCoordinator  : [Consumer clientId=consumer-spring-app1-4, groupId=spring-app1] (Re-)joining group
2022-08-03 12:27:07.826  INFO 17882 --- [ntainer#0-0-C-1] o.a.k.c.c.internals.ConsumerCoordinator  : [Consumer clientId=consumer-spring-app1-3, groupId=spring-app1] Request joining group due to: need to re-join with the given member-id
2022-08-03 12:27:07.826  INFO 17882 --- [ntainer#1-0-C-1] o.a.k.c.c.internals.ConsumerCoordinator  : [Consumer clientId=consumer-spring-app1-4, groupId=spring-app1] Request joining group due to: need to re-join with the given member-id
2022-08-03 12:27:07.828  INFO 17882 --- [ntainer#1-0-C-1] o.a.k.c.c.internals.ConsumerCoordinator  : [Consumer clientId=consumer-spring-app1-4, groupId=spring-app1] (Re-)joining group
2022-08-03 12:27:07.828  INFO 17882 --- [ntainer#0-0-C-1] o.a.k.c.c.internals.ConsumerCoordinator  : [Consumer clientId=consumer-spring-app1-3, groupId=spring-app1] (Re-)joining group
2022-08-03 12:27:08.235  INFO 17882 --- [ntainer#1-0-C-1] o.a.k.c.c.internals.ConsumerCoordinator  : [Consumer clientId=consumer-spring-app1-2, groupId=spring-app1] Request joining group due to: group is already rebalancing
2022-08-03 12:27:08.234  INFO 17882 --- [ntainer#0-0-C-1] o.a.k.c.c.internals.ConsumerCoordinator  : [Consumer clientId=consumer-spring-app1-1, groupId=spring-app1] Request joining group due to: group is already rebalancing
2022-08-03 12:27:08.240  INFO 17882 --- [ntainer#0-0-C-1] o.a.k.c.c.internals.ConsumerCoordinator  : [Consumer clientId=consumer-spring-app1-1, groupId=spring-app1] Revoke previously assigned partitions spring-app1-topic-0
2022-08-03 12:27:08.240  INFO 17882 --- [ntainer#1-0-C-1] o.a.k.c.c.internals.ConsumerCoordinator  : [Consumer clientId=consumer-spring-app1-2, groupId=spring-app1] Revoke previously assigned partitions spring-app2-topic-0
2022-08-03 12:27:08.242  INFO 17882 --- [ntainer#0-0-C-1] o.s.k.l.KafkaMessageListenerContainer    : spring-app1: partitions revoked: [spring-app1-topic-0]
2022-08-03 12:27:08.242  INFO 17882 --- [ntainer#1-0-C-1] o.s.k.l.KafkaMessageListenerContainer    : spring-app1: partitions revoked: [spring-app2-topic-0]
2022-08-03 12:27:08.242  INFO 17882 --- [ntainer#0-0-C-1] o.a.k.c.c.internals.ConsumerCoordinator  : [Consumer clientId=consumer-spring-app1-1, groupId=spring-app1] (Re-)joining group
2022-08-03 12:27:08.242  INFO 17882 --- [ntainer#1-0-C-1] o.a.k.c.c.internals.ConsumerCoordinator  : [Consumer clientId=consumer-spring-app1-2, groupId=spring-app1] (Re-)joining group
2022-08-03 12:27:08.273  INFO 17882 --- [ntainer#0-0-C-1] o.a.k.c.c.internals.ConsumerCoordinator  : [Consumer clientId=consumer-spring-app1-1, groupId=spring-app1] Successfully joined group with generation Generation{generationId=2, memberId='consumer-spring-app1-1-ad127e6d-42b1-4cfc-8bf7-89e73b5c3dd7', protocol='range'}
2022-08-03 12:27:08.280  INFO 17882 --- [ntainer#1-0-C-1] o.a.k.c.c.internals.ConsumerCoordinator  : [Consumer clientId=consumer-spring-app1-2, groupId=spring-app1] Successfully joined group with generation Generation{generationId=2, memberId='consumer-spring-app1-2-2d501bad-4a17-432a-a732-6bd97a418085', protocol='range'}
2022-08-03 12:27:08.294  INFO 17882 --- [ntainer#0-0-C-1] o.a.k.c.c.internals.ConsumerCoordinator  : [Consumer clientId=consumer-spring-app1-3, groupId=spring-app1] Successfully joined group with generation Generation{generationId=2, memberId='consumer-spring-app1-3-5d026f67-5e08-488a-9fc0-b8d0e429fbc9', protocol='range'}
2022-08-03 12:27:08.294  INFO 17882 --- [ntainer#1-0-C-1] o.a.k.c.c.internals.ConsumerCoordinator  : [Consumer clientId=consumer-spring-app1-4, groupId=spring-app1] Successfully joined group with generation Generation{generationId=2, memberId='consumer-spring-app1-4-75002a45-4777-4155-b4db-3c4fb1b03646', protocol='range'}
2022-08-03 12:27:08.661  INFO 17882 --- [ntainer#1-0-C-1] o.a.k.c.c.internals.ConsumerCoordinator  : [Consumer clientId=consumer-spring-app1-2, groupId=spring-app1] Finished assignment for group at generation 2: {consumer-spring-app1-1-ad127e6d-42b1-4cfc-8bf7-89e73b5c3dd7=Assignment(partitions=[spring-app1-topic-0]), consumer-spring-app1-2-2d501bad-4a17-432a-a732-6bd97a418085=Assignment(partitions=[spring-app2-topic-0]), consumer-spring-app1-3-5d026f67-5e08-488a-9fc0-b8d0e429fbc9=Assignment(partitions=[]), consumer-spring-app1-4-75002a45-4777-4155-b4db-3c4fb1b03646=Assignment(partitions=[])}
2022-08-03 12:27:08.703  INFO 17882 --- [ntainer#0-0-C-1] o.a.k.c.c.internals.ConsumerCoordinator  : [Consumer clientId=consumer-spring-app1-1, groupId=spring-app1] Successfully synced group in generation Generation{generationId=2, memberId='consumer-spring-app1-1-ad127e6d-42b1-4cfc-8bf7-89e73b5c3dd7', protocol='range'}
2022-08-03 12:27:08.704  INFO 17882 --- [ntainer#0-0-C-1] o.a.k.c.c.internals.ConsumerCoordinator  : [Consumer clientId=consumer-spring-app1-1, groupId=spring-app1] Notifying assignor about the new Assignment(partitions=[spring-app1-topic-0])
2022-08-03 12:27:08.704  INFO 17882 --- [ntainer#0-0-C-1] o.a.k.c.c.internals.ConsumerCoordinator  : [Consumer clientId=consumer-spring-app1-1, groupId=spring-app1] Adding newly assigned partitions: spring-app1-topic-0
2022-08-03 12:27:08.705  INFO 17882 --- [ntainer#1-0-C-1] o.a.k.c.c.internals.ConsumerCoordinator  : [Consumer clientId=consumer-spring-app1-2, groupId=spring-app1] Successfully synced group in generation Generation{generationId=2, memberId='consumer-spring-app1-2-2d501bad-4a17-432a-a732-6bd97a418085', protocol='range'}
2022-08-03 12:27:08.706  INFO 17882 --- [ntainer#1-0-C-1] o.a.k.c.c.internals.ConsumerCoordinator  : [Consumer clientId=consumer-spring-app1-2, groupId=spring-app1] Notifying assignor about the new Assignment(partitions=[spring-app2-topic-0])
2022-08-03 12:27:08.706  INFO 17882 --- [ntainer#1-0-C-1] o.a.k.c.c.internals.ConsumerCoordinator  : [Consumer clientId=consumer-spring-app1-2, groupId=spring-app1] Adding newly assigned partitions: spring-app2-topic-0
2022-08-03 12:27:08.715  INFO 17882 --- [ntainer#1-0-C-1] o.a.k.c.c.internals.ConsumerCoordinator  : [Consumer clientId=consumer-spring-app1-4, groupId=spring-app1] Successfully synced group in generation Generation{generationId=2, memberId='consumer-spring-app1-4-75002a45-4777-4155-b4db-3c4fb1b03646', protocol='range'}
2022-08-03 12:27:08.715  INFO 17882 --- [ntainer#0-0-C-1] o.a.k.c.c.internals.ConsumerCoordinator  : [Consumer clientId=consumer-spring-app1-3, groupId=spring-app1] Successfully synced group in generation Generation{generationId=2, memberId='consumer-spring-app1-3-5d026f67-5e08-488a-9fc0-b8d0e429fbc9', protocol='range'}
2022-08-03 12:27:08.715  INFO 17882 --- [ntainer#1-0-C-1] o.a.k.c.c.internals.ConsumerCoordinator  : [Consumer clientId=consumer-spring-app1-4, groupId=spring-app1] Notifying assignor about the new Assignment(partitions=[])
2022-08-03 12:27:08.715  INFO 17882 --- [ntainer#0-0-C-1] o.a.k.c.c.internals.ConsumerCoordinator  : [Consumer clientId=consumer-spring-app1-3, groupId=spring-app1] Notifying assignor about the new Assignment(partitions=[])
2022-08-03 12:27:08.716  INFO 17882 --- [ntainer#0-0-C-1] o.a.k.c.c.internals.ConsumerCoordinator  : [Consumer clientId=consumer-spring-app1-3, groupId=spring-app1] Adding newly assigned partitions: 
2022-08-03 12:27:08.717  INFO 17882 --- [ntainer#1-0-C-1] o.a.k.c.c.internals.ConsumerCoordinator  : [Consumer clientId=consumer-spring-app1-4, groupId=spring-app1] Adding newly assigned partitions: 
2022-08-03 12:27:08.717  INFO 17882 --- [ntainer#0-0-C-1] o.s.k.l.KafkaMessageListenerContainer    : spring-app1: partitions assigned: []
2022-08-03 12:27:08.717  INFO 17882 --- [ntainer#1-0-C-1] o.s.k.l.KafkaMessageListenerContainer    : spring-app1: partitions assigned: []
2022-08-03 12:27:08.726  INFO 17882 --- [ntainer#1-0-C-1] o.a.k.c.c.internals.ConsumerCoordinator  : [Consumer clientId=consumer-spring-app1-2, groupId=spring-app1] Setting offset for partition spring-app2-topic-0 to the committed offset FetchPosition{offset=0, offsetEpoch=Optional.empty, currentLeader=LeaderAndEpoch{leader=Optional[localhost:53404 (id: 1 rack: null)], epoch=0}}
2022-08-03 12:27:08.726  INFO 17882 --- [ntainer#0-0-C-1] o.a.k.c.c.internals.ConsumerCoordinator  : [Consumer clientId=consumer-spring-app1-1, groupId=spring-app1] Setting offset for partition spring-app1-topic-0 to the committed offset FetchPosition{offset=0, offsetEpoch=Optional.empty, currentLeader=LeaderAndEpoch{leader=Optional[localhost:53404 (id: 1 rack: null)], epoch=0}}
2022-08-03 12:27:08.726  INFO 17882 --- [ntainer#0-0-C-1] o.s.k.l.KafkaMessageListenerContainer    : spring-app1: partitions assigned: [spring-app1-topic-0]
2022-08-03 12:27:08.726  INFO 17882 --- [ntainer#1-0-C-1] o.s.k.l.KafkaMessageListenerContainer    : spring-app1: partitions assigned: [spring-app2-topic-0]
2022-08-03 12:27:09.437  INFO 17882 --- [    Test worker] c.r.d.system.service.PublisherService    : Sending message payload to topic:spring-app1-topic
2022-08-03 12:27:09.460  INFO 17882 --- [    Test worker] o.a.k.clients.producer.ProducerConfig    : ProducerConfig values: 
	acks = -1
	batch.size = 16384
	bootstrap.servers = [PLAINTEXT://localhost:53404]
	buffer.memory = 33554432
	client.dns.lookup = use_all_dns_ips
	client.id = producer-1
	compression.type = none
	connections.max.idle.ms = 540000
	delivery.timeout.ms = 120000
	enable.idempotence = true
	interceptor.classes = []
	key.serializer = class org.apache.kafka.common.serialization.StringSerializer
	linger.ms = 0
	max.block.ms = 60000
	max.in.flight.requests.per.connection = 5
	max.request.size = 1048576
	metadata.max.age.ms = 300000
	metadata.max.idle.ms = 300000
	metric.reporters = []
	metrics.num.samples = 2
	metrics.recording.level = INFO
	metrics.sample.window.ms = 30000
	partitioner.class = class org.apache.kafka.clients.producer.internals.DefaultPartitioner
	receive.buffer.bytes = 32768
	reconnect.backoff.max.ms = 1000
	reconnect.backoff.ms = 50
	request.timeout.ms = 30000
	retries = 2147483647
	retry.backoff.ms = 100
	sasl.client.callback.handler.class = null
	sasl.jaas.config = null
	sasl.kerberos.kinit.cmd = /usr/bin/kinit
	sasl.kerberos.min.time.before.relogin = 60000
	sasl.kerberos.service.name = null
	sasl.kerberos.ticket.renew.jitter = 0.05
	sasl.kerberos.ticket.renew.window.factor = 0.8
	sasl.login.callback.handler.class = null
	sasl.login.class = null
	sasl.login.refresh.buffer.seconds = 300
	sasl.login.refresh.min.period.seconds = 60
	sasl.login.refresh.window.factor = 0.8
	sasl.login.refresh.window.jitter = 0.05
	sasl.mechanism = GSSAPI
	security.protocol = PLAINTEXT
	security.providers = null
	send.buffer.bytes = 131072
	socket.connection.setup.timeout.max.ms = 30000
	socket.connection.setup.timeout.ms = 10000
	ssl.cipher.suites = null
	ssl.enabled.protocols = [TLSv1.2, TLSv1.3]
	ssl.endpoint.identification.algorithm = https
	ssl.engine.factory.class = null
	ssl.key.password = null
	ssl.keymanager.algorithm = SunX509
	ssl.keystore.certificate.chain = null
	ssl.keystore.key = null
	ssl.keystore.location = null
	ssl.keystore.password = null
	ssl.keystore.type = JKS
	ssl.protocol = TLSv1.3
	ssl.provider = null
	ssl.secure.random.implementation = null
	ssl.trustmanager.algorithm = PKIX
	ssl.truststore.certificates = null
	ssl.truststore.location = null
	ssl.truststore.password = null
	ssl.truststore.type = JKS
	transaction.timeout.ms = 60000
	transactional.id = null
	value.serializer = class org.apache.kafka.common.serialization.StringSerializer

2022-08-03 12:27:09.496  INFO 17882 --- [    Test worker] o.a.kafka.common.utils.AppInfoParser     : Kafka version: 3.0.0
2022-08-03 12:27:09.497  INFO 17882 --- [    Test worker] o.a.kafka.common.utils.AppInfoParser     : Kafka commitId: 8cb0a5e9d3441962
2022-08-03 12:27:09.501  INFO 17882 --- [    Test worker] o.a.kafka.common.utils.AppInfoParser     : Kafka startTimeMs: 1659522429496
2022-08-03 12:27:09.547  INFO 17882 --- [ad | producer-1] org.apache.kafka.clients.Metadata        : [Producer clientId=producer-1] Cluster ID: yQJudjcOSnaRxtAq-u_I3Q
2022-08-03 12:27:09.639  INFO 17882 --- [ad | producer-1] c.r.d.system.service.PublisherService    : Successful sending message payload to topic:spring-app1-topic
2022-08-03 12:27:09.672  INFO 17882 --- [ntainer#0-0-C-1] c.r.d.system.consumers.KafkaConsumer     : I received a message from topic:spring-app1-topic, I'm just going to save it and send it to topic:spring-app2-topic , value: Payload
2022-08-03 12:27:09.784  INFO 17882 --- [      Thread-13] org.mongodb.driver.connection            : Opened connection [connectionId{localValue:9, serverValue:7}] to localhost:53403
2022-08-03 12:27:09.832  INFO 17882 --- [      Thread-11] c.r.d.system.service.PublisherService    : Sending message payload to topic:spring-app2-topic
2022-08-03 12:27:09.834  INFO 17882 --- [      Thread-11] o.a.k.clients.producer.ProducerConfig    : ProducerConfig values: 
	acks = -1
	batch.size = 16384
	bootstrap.servers = [PLAINTEXT://localhost:53404]
	buffer.memory = 33554432
	client.dns.lookup = use_all_dns_ips
	client.id = producer-2
	compression.type = none
	connections.max.idle.ms = 540000
	delivery.timeout.ms = 120000
	enable.idempotence = true
	interceptor.classes = []
	key.serializer = class org.apache.kafka.common.serialization.StringSerializer
	linger.ms = 0
	max.block.ms = 60000
	max.in.flight.requests.per.connection = 5
	max.request.size = 1048576
	metadata.max.age.ms = 300000
	metadata.max.idle.ms = 300000
	metric.reporters = []
	metrics.num.samples = 2
	metrics.recording.level = INFO
	metrics.sample.window.ms = 30000
	partitioner.class = class org.apache.kafka.clients.producer.internals.DefaultPartitioner
	receive.buffer.bytes = 32768
	reconnect.backoff.max.ms = 1000
	reconnect.backoff.ms = 50
	request.timeout.ms = 30000
	retries = 2147483647
	retry.backoff.ms = 100
	sasl.client.callback.handler.class = null
	sasl.jaas.config = null
	sasl.kerberos.kinit.cmd = /usr/bin/kinit
	sasl.kerberos.min.time.before.relogin = 60000
	sasl.kerberos.service.name = null
	sasl.kerberos.ticket.renew.jitter = 0.05
	sasl.kerberos.ticket.renew.window.factor = 0.8
	sasl.login.callback.handler.class = null
	sasl.login.class = null
	sasl.login.refresh.buffer.seconds = 300
	sasl.login.refresh.min.period.seconds = 60
	sasl.login.refresh.window.factor = 0.8
	sasl.login.refresh.window.jitter = 0.05
	sasl.mechanism = GSSAPI
	security.protocol = PLAINTEXT
	security.providers = null
	send.buffer.bytes = 131072
	socket.connection.setup.timeout.max.ms = 30000
	socket.connection.setup.timeout.ms = 10000
	ssl.cipher.suites = null
	ssl.enabled.protocols = [TLSv1.2, TLSv1.3]
	ssl.endpoint.identification.algorithm = https
	ssl.engine.factory.class = null
	ssl.key.password = null
	ssl.keymanager.algorithm = SunX509
	ssl.keystore.certificate.chain = null
	ssl.keystore.key = null
	ssl.keystore.location = null
	ssl.keystore.password = null
	ssl.keystore.type = JKS
	ssl.protocol = TLSv1.3
	ssl.provider = null
	ssl.secure.random.implementation = null
	ssl.trustmanager.algorithm = PKIX
	ssl.truststore.certificates = null
	ssl.truststore.location = null
	ssl.truststore.password = null
	ssl.truststore.type = JKS
	transaction.timeout.ms = 60000
	transactional.id = null
	value.serializer = class org.apache.kafka.common.serialization.StringSerializer

2022-08-03 12:27:09.838  INFO 17882 --- [      Thread-11] o.a.kafka.common.utils.AppInfoParser     : Kafka version: 3.0.0
2022-08-03 12:27:09.839  INFO 17882 --- [      Thread-11] o.a.kafka.common.utils.AppInfoParser     : Kafka commitId: 8cb0a5e9d3441962
2022-08-03 12:27:09.839  INFO 17882 --- [      Thread-11] o.a.kafka.common.utils.AppInfoParser     : Kafka startTimeMs: 1659522429838
2022-08-03 12:27:09.860  INFO 17882 --- [ad | producer-2] org.apache.kafka.clients.Metadata        : [Producer clientId=producer-2] Cluster ID: yQJudjcOSnaRxtAq-u_I3Q
2022-08-03 12:27:09.862  INFO 17882 --- [      Thread-11] c.r.d.system.consumers.KafkaConsumer     : payload saved with id:62ea4d7d589d7f76a612e7cd
2022-08-03 12:27:09.889  INFO 17882 --- [ad | producer-2] c.r.d.system.service.PublisherService    : Successful sending message payload to topic:spring-app2-topic
2022-08-03 12:27:09.896  INFO 17882 --- [ntainer#1-0-C-1] c.r.d.system.consumers.KafkaConsumer     : I received a message from topic:spring-app2-topic value:Payload, I'm just going to save it and be on my merry way
2022-08-03 12:27:09.904  INFO 17882 --- [      Thread-17] c.r.d.system.consumers.KafkaConsumer     : payload saved with id:62ea4d7d589d7f76a612e7ce
2022-08-03 12:27:10.719  INFO 17882 --- [      Thread-17] org.mongodb.driver.connection            : Opened connection [connectionId{localValue:10, serverValue:8}] to localhost:53403
]]></system-out>
  <system-err><![CDATA[]]></system-err>
</testsuite>
